<?xml version="1.0" encoding="UTF-8"?>
<!-- Generated by org.testng.reporters.JUnitReportReporter -->
<testsuite hostname="ojt41-PC" name="TestRunner.Runner" tests="1" failures="0" timestamp="27 May 2019 03:06:25 GMT" time="0.301" errors="0">
  <testcase name="feature" time="0.301" classname="TestRunner.Runner"/>
</testsuite> <!-- TestRunner.Runner -->
